Exporter version: 5.4.0, Blender version: 2.78 (sub 0)
========= Conversion from Blender to Babylon.js =========
	Scene settings used:
		selected layers only:  false
		flat shading entire scene:  false
		inline textures:  false
		texture directory:  C:\Accounts\mohamed.benfasi\gh\firstassault\public\assets\blender\
	Python World class constructor completed
	processing begun of mesh:  Cube
		processing begun of Standard material:  Material
			Diffuse texture found "Tex"
				Image texture found, type:  diffuseTexture, mapped using: "UVMap"
		num positions      :  73
		num normals        :  73
		num uvs            :  146
		num uvs2           :  0
		num colors         :  0
		num indices        :  132
	processing begun of camera (UniversalCamera):  Camera
	processing begun of light (POINT):  Lamp
========= Writing of scene file started =========
========= Writing of scene file completed =========
========= end of processing =========
elapsed time:  0 min, 0.052 secs
