Exporter version: 5.4.0, Blender version: 2.78 (sub 0)
========= Conversion from Blender to Babylon.js =========
	Scene settings used:
		selected layers only:  false
		flat shading entire scene:  false
		inline textures:  false
		texture directory:  C:\Accounts\mohamed.benfasi\gh\firstassault\public\assets\blender\
	Python World class constructor completed
	processing begun of mesh:  Model001_38_cyborbody196_0.6_0_0
		processing begun of Standard material:  Model001_Material001
			Diffuse texture found "Kd"
				Image texture found, type:  diffuseTexture, mapped using: "UVMap"
			Bump texture found "Bump"
				Image texture found, type:  bumpTexture, mapped using: "UVMap"
		num positions      :  11418
		num normals        :  11418
		num uvs            :  22836
		num uvs2           :  0
		num colors         :  0
		num indices        :  50370
	processing begun of camera (UniversalCamera):  Camera
	processing begun of light (POINT):  Lamp
========= Writing of scene file started =========
========= Writing of scene file completed =========
========= end of processing =========
elapsed time:  0 min, 3.1452 secs
